2024/05/01 20:18:46 [emerg] 1#1: host not found in upstream "php" in /etc/nginx/conf.d/default.conf:14
2024/05/01 20:43:54 [emerg] 1#1: host not found in upstream "php" in /etc/nginx/conf.d/default.conf:14
2024/05/01 20:45:18 [emerg] 1#1: host not found in upstream "php" in /etc/nginx/conf.d/default.conf:14
2024/05/01 20:45:57 [notice] 1#1: using the "epoll" event method
2024/05/01 20:45:57 [notice] 1#1: nginx/1.25.5
2024/05/01 20:45:57 [notice] 1#1: built by gcc 13.2.1 20231014 (Alpine 13.2.1_git20231014) 
2024/05/01 20:45:57 [notice] 1#1: OS: Linux 6.5.0-28-generic
2024/05/01 20:45:57 [notice] 1#1: getrlimit(RLIMIT_NOFILE): 1048576:1048576
2024/05/01 20:45:57 [notice] 1#1: start worker processes
2024/05/01 20:45:57 [notice] 1#1: start worker process 29
2024/05/01 20:45:57 [notice] 1#1: start worker process 30
2024/05/01 20:45:57 [notice] 1#1: start worker process 31
2024/05/01 20:45:57 [notice] 1#1: start worker process 32
2024/05/01 21:39:41 [error] 31#31: *13 open() "/var/www/html/favicon.ico" failed (2: No such file or directory), client: 172.25.44.2, server: , request: "GET /favicon.ico HTTP/1.1", host: "172.25.44.2", referrer: "http://172.25.44.2/mysql.php"
2024/05/01 21:59:37 [notice] 1#1: signal 3 (SIGQUIT) received, shutting down
2024/05/01 21:59:37 [notice] 29#29: gracefully shutting down
2024/05/01 21:59:37 [notice] 32#32: gracefully shutting down
2024/05/01 21:59:37 [notice] 31#31: gracefully shutting down
2024/05/01 21:59:37 [notice] 29#29: exiting
2024/05/01 21:59:37 [notice] 32#32: exiting
2024/05/01 21:59:37 [notice] 31#31: exiting
2024/05/01 21:59:37 [notice] 29#29: exit
2024/05/01 21:59:37 [notice] 31#31: exit
2024/05/01 21:59:37 [notice] 32#32: exit
2024/05/01 21:59:37 [notice] 30#30: gracefully shutting down
2024/05/01 21:59:37 [notice] 30#30: exiting
2024/05/01 21:59:37 [notice] 30#30: exit
2024/05/01 21:59:37 [notice] 1#1: signal 17 (SIGCHLD) received from 31
2024/05/01 21:59:37 [notice] 1#1: worker process 31 exited with code 0
2024/05/01 21:59:37 [notice] 1#1: signal 29 (SIGIO) received
2024/05/01 21:59:37 [notice] 1#1: signal 17 (SIGCHLD) received from 32
2024/05/01 21:59:37 [notice] 1#1: worker process 32 exited with code 0
2024/05/01 21:59:37 [notice] 1#1: signal 29 (SIGIO) received
2024/05/01 21:59:37 [notice] 1#1: signal 17 (SIGCHLD) received from 29
2024/05/01 21:59:37 [notice] 1#1: worker process 29 exited with code 0
2024/05/01 21:59:37 [notice] 1#1: worker process 30 exited with code 0
2024/05/01 21:59:37 [notice] 1#1: exit
2024/05/01 21:59:38 [notice] 1#1: using the "epoll" event method
2024/05/01 21:59:38 [notice] 1#1: nginx/1.25.5
2024/05/01 21:59:38 [notice] 1#1: built by gcc 13.2.1 20231014 (Alpine 13.2.1_git20231014) 
2024/05/01 21:59:38 [notice] 1#1: OS: Linux 6.5.0-28-generic
2024/05/01 21:59:38 [notice] 1#1: getrlimit(RLIMIT_NOFILE): 1048576:1048576
2024/05/01 21:59:38 [notice] 1#1: start worker processes
2024/05/01 21:59:38 [notice] 1#1: start worker process 30
2024/05/01 21:59:38 [notice] 1#1: start worker process 31
2024/05/01 21:59:38 [notice] 1#1: start worker process 32
2024/05/01 21:59:38 [notice] 1#1: start worker process 33
2024/05/01 22:00:21 [notice] 1#1: using the "epoll" event method
2024/05/01 22:00:21 [notice] 1#1: nginx/1.25.5
2024/05/01 22:00:21 [notice] 1#1: built by gcc 13.2.1 20231014 (Alpine 13.2.1_git20231014) 
2024/05/01 22:00:21 [notice] 1#1: OS: Linux 6.5.0-28-generic
2024/05/01 22:00:21 [notice] 1#1: getrlimit(RLIMIT_NOFILE): 1048576:1048576
2024/05/01 22:00:21 [notice] 1#1: start worker processes
2024/05/01 22:00:21 [notice] 1#1: start worker process 29
2024/05/01 22:00:21 [notice] 1#1: start worker process 30
2024/05/01 22:00:21 [notice] 1#1: start worker process 31
2024/05/01 22:00:21 [notice] 1#1: start worker process 32
2024/05/01 22:16:18 [error] 29#29: *30 open() "/var/www/html/favicon.ico" failed (2: No such file or directory), client: 172.23.0.1, server: , request: "GET /favicon.ico HTTP/1.1", host: "localhost", referrer: "http://localhost/mysql.php"
2024/05/01 22:16:18 [error] 29#29: *30 open() "/var/www/html/favicon.ico" failed (2: No such file or directory), client: 172.23.0.1, server: , request: "GET /favicon.ico HTTP/1.1", host: "localhost", referrer: "http://localhost/mysql.php"
2024/05/01 22:16:18 [error] 29#29: *30 open() "/var/www/html/favicon.ico" failed (2: No such file or directory), client: 172.23.0.1, server: , request: "GET /favicon.ico HTTP/1.1", host: "localhost", referrer: "http://localhost/mysql.php"
2024/05/01 22:30:01 [error] 29#29: *38 open() "/var/www/html/favicon.ico" failed (2: No such file or directory), client: 172.23.0.1, server: , request: "GET /favicon.ico HTTP/1.1", host: "localhost", referrer: "http://localhost/mysql.php"
2024/05/01 22:30:01 [error] 29#29: *38 open() "/var/www/html/favicon.ico" failed (2: No such file or directory), client: 172.23.0.1, server: , request: "GET /favicon.ico HTTP/1.1", host: "localhost", referrer: "http://localhost/mysql.php"
2024/05/01 22:30:01 [error] 29#29: *38 open() "/var/www/html/favicon.ico" failed (2: No such file or directory), client: 172.23.0.1, server: , request: "GET /favicon.ico HTTP/1.1", host: "localhost", referrer: "http://localhost/mysql.php"
2024/05/01 22:30:01 [error] 29#29: *38 open() "/var/www/html/favicon.ico" failed (2: No such file or directory), client: 172.23.0.1, server: , request: "GET /favicon.ico HTTP/1.1", host: "localhost", referrer: "http://localhost/mysql.php"
2024/05/01 22:51:49 [notice] 1#1: using the "epoll" event method
2024/05/01 22:51:49 [notice] 1#1: nginx/1.25.5
2024/05/01 22:51:49 [notice] 1#1: built by gcc 13.2.1 20231014 (Alpine 13.2.1_git20231014) 
2024/05/01 22:51:49 [notice] 1#1: OS: Linux 6.5.0-28-generic
2024/05/01 22:51:49 [notice] 1#1: getrlimit(RLIMIT_NOFILE): 1048576:1048576
2024/05/01 22:51:49 [notice] 1#1: start worker processes
2024/05/01 22:51:49 [notice] 1#1: start worker process 30
2024/05/01 22:51:49 [notice] 1#1: start worker process 31
2024/05/01 22:51:49 [notice] 1#1: start worker process 32
2024/05/01 22:51:49 [notice] 1#1: start worker process 33
2024/05/01 22:55:04 [notice] 1#1: using the "epoll" event method
2024/05/01 22:55:04 [notice] 1#1: nginx/1.25.5
2024/05/01 22:55:04 [notice] 1#1: built by gcc 13.2.1 20231014 (Alpine 13.2.1_git20231014) 
2024/05/01 22:55:04 [notice] 1#1: OS: Linux 6.5.0-28-generic
2024/05/01 22:55:04 [notice] 1#1: getrlimit(RLIMIT_NOFILE): 1048576:1048576
2024/05/01 22:55:04 [notice] 1#1: start worker processes
2024/05/01 22:55:04 [notice] 1#1: start worker process 29
2024/05/01 22:55:04 [notice] 1#1: start worker process 30
2024/05/01 22:55:04 [notice] 1#1: start worker process 31
2024/05/01 22:55:04 [notice] 1#1: start worker process 32
2024/05/01 22:55:21 [error] 29#29: *1 open() "/var/www/html/favicon.ico" failed (2: No such file or directory), client: 172.23.0.1, server: , request: "GET /favicon.ico HTTP/1.1", host: "localhost", referrer: "http://localhost/mysql.php"
2024/05/01 22:55:22 [error] 29#29: *1 open() "/var/www/html/favicon.ico" failed (2: No such file or directory), client: 172.23.0.1, server: , request: "GET /favicon.ico HTTP/1.1", host: "localhost", referrer: "http://localhost/mysql.php"
2024/05/01 22:55:22 [error] 29#29: *1 open() "/var/www/html/favicon.ico" failed (2: No such file or directory), client: 172.23.0.1, server: , request: "GET /favicon.ico HTTP/1.1", host: "localhost", referrer: "http://localhost/mysql.php"
2024/05/01 23:05:05 [error] 30#30: *9 open() "/var/www/html/favicon.ico" failed (2: No such file or directory), client: 172.23.0.1, server: , request: "GET /favicon.ico HTTP/1.1", host: "localhost", referrer: "http://localhost/mysql.php"
2024/05/01 23:05:05 [error] 30#30: *9 open() "/var/www/html/favicon.ico" failed (2: No such file or directory), client: 172.23.0.1, server: , request: "GET /favicon.ico HTTP/1.1", host: "localhost", referrer: "http://localhost/mysql.php"
2024/05/01 23:05:44 [error] 29#29: *18 open() "/var/www/html/favicon.ico" failed (2: No such file or directory), client: 172.23.0.1, server: , request: "GET /favicon.ico HTTP/1.1", host: "localhost", referrer: "http://localhost/mysql.php"
2024/05/01 23:05:44 [error] 29#29: *18 open() "/var/www/html/favicon.ico" failed (2: No such file or directory), client: 172.23.0.1, server: , request: "GET /favicon.ico HTTP/1.1", host: "localhost", referrer: "http://localhost/mysql.php"
2024/05/01 23:05:45 [error] 29#29: *18 open() "/var/www/html/favicon.ico" failed (2: No such file or directory), client: 172.23.0.1, server: , request: "GET /favicon.ico HTTP/1.1", host: "localhost", referrer: "http://localhost/mysql.php"
2024/05/01 23:16:24 [notice] 1#1: using the "epoll" event method
2024/05/01 23:16:24 [notice] 1#1: nginx/1.25.5
2024/05/01 23:16:24 [notice] 1#1: built by gcc 13.2.1 20231014 (Alpine 13.2.1_git20231014) 
2024/05/01 23:16:24 [notice] 1#1: OS: Linux 6.5.0-28-generic
2024/05/01 23:16:24 [notice] 1#1: getrlimit(RLIMIT_NOFILE): 1048576:1048576
2024/05/01 23:16:24 [notice] 1#1: start worker processes
2024/05/01 23:16:24 [notice] 1#1: start worker process 29
2024/05/01 23:16:24 [notice] 1#1: start worker process 30
2024/05/01 23:16:24 [notice] 1#1: start worker process 31
2024/05/01 23:16:24 [notice] 1#1: start worker process 32
2024/05/01 23:16:54 [error] 30#30: *1 directory index of "/var/www/html/" is forbidden, client: 172.23.0.1, server: , request: "GET / HTTP/1.1", host: "localhost"
2024/05/01 23:19:29 [notice] 1#1: signal 3 (SIGQUIT) received, shutting down
2024/05/01 23:19:29 [notice] 29#29: gracefully shutting down
2024/05/01 23:19:29 [notice] 31#31: gracefully shutting down
2024/05/01 23:19:29 [notice] 31#31: exiting
2024/05/01 23:19:29 [notice] 29#29: exiting
2024/05/01 23:19:29 [notice] 31#31: exit
2024/05/01 23:19:29 [notice] 29#29: exit
2024/05/01 23:19:29 [notice] 30#30: gracefully shutting down
2024/05/01 23:19:29 [notice] 30#30: exiting
2024/05/01 23:19:29 [notice] 30#30: exit
2024/05/01 23:19:29 [notice] 32#32: gracefully shutting down
2024/05/01 23:19:29 [notice] 32#32: exiting
2024/05/01 23:19:29 [notice] 32#32: exit
2024/05/01 23:19:29 [notice] 1#1: signal 17 (SIGCHLD) received from 29
2024/05/01 23:19:29 [notice] 1#1: worker process 29 exited with code 0
2024/05/01 23:19:29 [notice] 1#1: worker process 31 exited with code 0
2024/05/01 23:19:29 [notice] 1#1: signal 29 (SIGIO) received
2024/05/01 23:19:29 [notice] 1#1: signal 17 (SIGCHLD) received from 32
2024/05/01 23:19:29 [notice] 1#1: worker process 32 exited with code 0
2024/05/01 23:19:29 [notice] 1#1: signal 29 (SIGIO) received
2024/05/01 23:19:29 [notice] 1#1: signal 17 (SIGCHLD) received from 30
2024/05/01 23:19:29 [notice] 1#1: worker process 30 exited with code 0
2024/05/01 23:19:29 [notice] 1#1: exit
2024/05/01 23:19:30 [notice] 1#1: using the "epoll" event method
2024/05/01 23:19:30 [notice] 1#1: nginx/1.25.5
2024/05/01 23:19:30 [notice] 1#1: built by gcc 13.2.1 20231014 (Alpine 13.2.1_git20231014) 
2024/05/01 23:19:30 [notice] 1#1: OS: Linux 6.5.0-28-generic
2024/05/01 23:19:30 [notice] 1#1: getrlimit(RLIMIT_NOFILE): 1048576:1048576
2024/05/01 23:19:30 [notice] 1#1: start worker processes
2024/05/01 23:19:30 [notice] 1#1: start worker process 29
2024/05/01 23:19:30 [notice] 1#1: start worker process 30
2024/05/01 23:19:30 [notice] 1#1: start worker process 31
2024/05/01 23:19:30 [notice] 1#1: start worker process 32
2024/05/01 23:21:17 [notice] 1#1: using the "epoll" event method
2024/05/01 23:21:17 [notice] 1#1: nginx/1.25.5
2024/05/01 23:21:17 [notice] 1#1: built by gcc 13.2.1 20231014 (Alpine 13.2.1_git20231014) 
2024/05/01 23:21:17 [notice] 1#1: OS: Linux 6.5.0-28-generic
2024/05/01 23:21:17 [notice] 1#1: getrlimit(RLIMIT_NOFILE): 1048576:1048576
2024/05/01 23:21:17 [notice] 1#1: start worker processes
2024/05/01 23:21:17 [notice] 1#1: start worker process 30
2024/05/01 23:21:17 [notice] 1#1: start worker process 31
2024/05/01 23:21:17 [notice] 1#1: start worker process 32
2024/05/01 23:21:17 [notice] 1#1: start worker process 33
2024/05/01 23:54:08 [notice] 1#1: using the "epoll" event method
2024/05/01 23:54:08 [notice] 1#1: nginx/1.25.5
2024/05/01 23:54:08 [notice] 1#1: built by gcc 13.2.1 20231014 (Alpine 13.2.1_git20231014) 
2024/05/01 23:54:08 [notice] 1#1: OS: Linux 6.5.0-28-generic
2024/05/01 23:54:08 [notice] 1#1: getrlimit(RLIMIT_NOFILE): 1048576:1048576
2024/05/01 23:54:08 [notice] 1#1: start worker processes
2024/05/01 23:54:08 [notice] 1#1: start worker process 30
2024/05/01 23:54:08 [notice] 1#1: start worker process 31
2024/05/01 23:54:08 [notice] 1#1: start worker process 32
2024/05/01 23:54:08 [notice] 1#1: start worker process 33
2024/05/01 23:54:40 [error] 30#30: *1 open() "/var/www/html/favicon.ico" failed (2: No such file or directory), client: 172.23.0.1, server: , request: "GET /favicon.ico HTTP/1.1", host: "localhost", referrer: "http://localhost/wp-admin/install.php"
2024/05/02 00:11:21 [notice] 1#1: using the "epoll" event method
2024/05/02 00:11:21 [notice] 1#1: nginx/1.25.5
2024/05/02 00:11:21 [notice] 1#1: built by gcc 13.2.1 20231014 (Alpine 13.2.1_git20231014) 
2024/05/02 00:11:21 [notice] 1#1: OS: Linux 6.5.0-28-generic
2024/05/02 00:11:21 [notice] 1#1: getrlimit(RLIMIT_NOFILE): 1048576:1048576
2024/05/02 00:11:21 [notice] 1#1: start worker processes
2024/05/02 00:11:21 [notice] 1#1: start worker process 29
2024/05/02 00:11:21 [notice] 1#1: start worker process 30
2024/05/02 00:11:21 [notice] 1#1: start worker process 31
2024/05/02 00:11:21 [notice] 1#1: start worker process 32
